<?xml version="1.0" encoding="UTF-8"?>
<testng-results skipped="0" failed="1" total="1" passed="0">
  <reporter-output>
  </reporter-output>
  <suite name="Default suite" duration-ms="6610" started-at="2023-02-01T13:15:11Z" finished-at="2023-02-01T13:15:18Z">
    <groups>
      <group name="cucumber">
        <method signature="AbstractTestNGCucumberTests.runScenario(io.cucumber.testng.PickleWrapper, io.cucumber.testng.FeatureWrapper)[pri:0, instance:runner.TestRunner@67a20f67]" name="runScenario" class="io.cucumber.testng.AbstractTestNGCucumberTests"/>
      </group> <!-- cucumber -->
    </groups>
    <test name="Default test" duration-ms="6610" started-at="2023-02-01T13:15:11Z" finished-at="2023-02-01T13:15:18Z">
      <class name="runner.TestRunner">
        <test-method status="PASS" signature="setUpClass()[pri:0, instance:runner.TestRunner@67a20f67]" name="setUpClass" is-config="true" duration-ms="3319" started-at="2023-02-01T18:45:11Z" finished-at="2023-02-01T18:45:14Z">
          <reporter-output>
          </reporter-output>
        </test-method> <!-- setUpClass -->
        <test-method status="FAIL" signature="runScenario(io.cucumber.testng.PickleWrapper, io.cucumber.testng.FeatureWrapper)[pri:0, instance:runner.TestRunner@67a20f67]" name="runScenario" duration-ms="1097" started-at="2023-02-01T18:45:14Z" description="Runs Cucumber Scenarios" data-provider="scenarios" finished-at="2023-02-01T18:45:15Z">
          <params>
            <param index="0">
              <value>
                <![CDATA["Automation_demo_register_form"]]>
              </value>
            </param>
            <param index="1">
              <value>
                <![CDATA["Optional[This feature contains Automation_demo_register_form]"]]>
              </value>
            </param>
          </params>
          <exception class="io.cucumber.testng.UndefinedStepException">
            <message>
              <![CDATA[The step "enter the url of automation demo register" is undefined. You can implement it using the snippet(s) below:

@Given("enter the url of automation demo register")
public void enter_the_url_of_automation_demo_register() {
    // Write code here that turns the phrase above into concrete actions
    throw new io.cucumber.java.PendingException();
}
]]>
            </message>
            <full-stacktrace>
              <![CDATA[io.cucumber.testng.UndefinedStepException: The step "enter the url of automation demo register" is undefined. You can implement it using the snippet(s) below:

@Given("enter the url of automation demo register")
public void enter_the_url_of_automation_demo_register() {
    // Write code here that turns the phrase above into concrete actions
    throw new io.cucumber.java.PendingException();
}

	at io.cucumber.core.runtime.TestCaseResultObserver.assertTestCasePassed(TestCaseResultObserver.java:102)
	at io.cucumber.testng.TestCaseResultObserver.assertTestCasePassed(TestCaseResultObserver.java:23)
	at io.cucumber.testng.TestNGCucumberRunner.lambda$runScenario$0(TestNGCucumberRunner.java:117)
	at io.cucumber.core.runtime.CucumberExecutionContext.runTestCase(CucumberExecutionContext.java:117)
	at io.cucumber.testng.TestNGCucumberRunner.runScenario(TestNGCucumberRunner.java:113)
	at io.cucumber.testng.AbstractTestNGCucumberTests.runScenario(AbstractTestNGCucumberTests.java:31)
	at sun.reflect.NativeMethodAccessorImpl.invoke0(Native Method)
	at sun.reflect.NativeMethodAccessorImpl.invoke(Unknown Source)
	at sun.reflect.DelegatingMethodAccessorImpl.invoke(Unknown Source)
	at java.lang.reflect.Method.invoke(Unknown Source)
	at org.testng.internal.MethodInvocationHelper.invokeMethod(MethodInvocationHelper.java:85)
	at org.testng.internal.Invoker.invokeMethod(Invoker.java:639)
	at org.testng.internal.Invoker.invokeTestMethod(Invoker.java:816)
	at org.testng.internal.Invoker.invokeTestMethods(Invoker.java:1124)
	at org.testng.internal.TestMethodWorker.invokeTestMethods(TestMethodWorker.java:125)
	at org.testng.internal.TestMethodWorker.run(TestMethodWorker.java:108)
	at org.testng.TestRunner.privateRun(TestRunner.java:774)
	at org.testng.TestRunner.run(TestRunner.java:624)
	at org.testng.SuiteRunner.runTest(SuiteRunner.java:359)
	at org.testng.SuiteRunner.runSequentially(SuiteRunner.java:354)
	at org.testng.SuiteRunner.privateRun(SuiteRunner.java:312)
	at org.testng.SuiteRunner.run(SuiteRunner.java:261)
	at org.testng.SuiteRunnerWorker.runSuite(SuiteRunnerWorker.java:52)
	at org.testng.SuiteRunnerWorker.run(SuiteRunnerWorker.java:86)
	at org.testng.TestNG.runSuitesSequentially(TestNG.java:1215)
	at org.testng.TestNG.runSuitesLocally(TestNG.java:1140)
	at org.testng.TestNG.run(TestNG.java:1048)
	at org.testng.remote.AbstractRemoteTestNG.run(AbstractRemoteTestNG.java:115)
	at org.testng.remote.RemoteTestNG.initAndRun(RemoteTestNG.java:251)
	at org.testng.remote.RemoteTestNG.main(RemoteTestNG.java:77)
]]>
            </full-stacktrace>
          </exception> <!-- io.cucumber.testng.UndefinedStepException -->
          <reporter-output>
          </reporter-output>
        </test-method> <!-- runScenario -->
        <test-method status="PASS" signature="tearDownClass()[pri:0, instance:runner.TestRunner@67a20f67]" name="tearDownClass" is-config="true" duration-ms="2122" started-at="2023-02-01T18:45:15Z" finished-at="2023-02-01T18:45:18Z">
          <reporter-output>
          </reporter-output>
        </test-method> <!-- tearDownClass -->
      </class> <!-- runner.TestRunner -->
    </test> <!-- Default test -->
  </suite> <!-- Default suite -->
</testng-results>
